[The GENIE spy reports]

$GENIE                       -> /genie/app/users/kborah/Generator
$SRT_ENV_SET                 -> **undefined**
$LD_LIBRARY_PATH             -> /genie/app/users/kborah/Generator/lib:/genie/app/users/kborah/Reweight/lib:/grid/fermiapp/products/larsoft/git/v2_15_1/Linux64bit+3.10-2.17/lib64:/grid/fermiapp/products/larsoft/gcc/v7_3_0/Linux64bit+3.10-2.17/lib64:/grid/fermiapp/products/larsoft/gcc/v7_3_0/Linux64bit+3.10-2.17/lib:/grid/fermiapp/products/larsoft/log4cpp/v1_1_3a/Linux64bit+3.10-2.17-e17-debug/lib:/grid/fermiapp/products/larsoft/lhapdf/v5_9_1k/Linux64bit+3.10-2.17-e17-debug/lib:/grid/fermiapp/products/larsoft/libxml2/v2_9_5/Linux64bit+3.10-2.17-debug/lib:/grid/fermiapp/products/larsoft/tbb/v2018_2a/Linux64bit+3.10-2.17-e17-debug/lib:/grid/fermiapp/products/larsoft/xrootd/v4_8_0b/Linux64bit+3.10-2.17-e17-debug/lib64:/grid/fermiapp/products/larsoft/mysql_client/v5_5_58a/Linux64bit+3.10-2.17-e17/lib:/grid/fermiapp/products/larsoft/sqlite/v3_20_01_00/Linux64bit+3.10-2.17/lib:/grid/fermiapp/products/larsoft/python/v2_7_14b/Linux64bit+3.10-2.17/lib:/grid/fermiapp/products/larsoft/postgresql/v9_6_6a/Linux64bit+3.10-2.17-p2714b/lib:/grid/fermiapp/products/larsoft/pythia/v6_4_28k/Linux64bit+3.10-2.17-gcc730-debug/lib:/grid/fermiapp/products/larsoft/gsl/v2_4/Linux64bit+3.10-2.17-debug/lib:/grid/fermiapp/products/larsoft/fftw/v3_3_6_pl2/Linux64bit+3.10-2.17-debug/lib:/grid/fermiapp/products/larsoft/clhep/v2_3_4_6/Linux64bit+3.10-2.17-e17-debug/lib:/grid/fermiapp/products/larsoft/root/v6_12_06a/Linux64bit+3.10-2.17-e17-debug/lib
$DYLD_LIBRARY_PATH           -> **undefined**
$PATH                        -> /genie/app/users/kborah/Generator/bin:/genie/app/users/kborah/Reweight/bin:/grid/fermiapp/products/larsoft/git/v2_15_1/Linux64bit+3.10-2.17/lib64:/grid/fermiapp/products/larsoft/git/v2_15_1/Linux64bit+3.10-2.17/bin:/grid/fermiapp/products/larsoft/gdb/v8_1/Linux64bit+3.10-2.17/bin:/grid/fermiapp/products/larsoft/gcc/v7_3_0/Linux64bit+3.10-2.17/bin:/grid/fermiapp/products/larsoft/log4cpp/v1_1_3a/Linux64bit+3.10-2.17-e17-debug/bin:/grid/fermiapp/products/larsoft/lhapdf/v5_9_1k/Linux64bit+3.10-2.17-e17-debug/bin:/grid/fermiapp/products/larsoft/libxml2/v2_9_5/Linux64bit+3.10-2.17-debug/bin:/grid/fermiapp/products/larsoft/xrootd/v4_8_0b/Linux64bit+3.10-2.17-e17-debug/bin:/grid/fermiapp/products/larsoft/mysql_client/v5_5_58a/Linux64bit+3.10-2.17-e17/bin:/grid/fermiapp/products/larsoft/sqlite/v3_20_01_00/Linux64bit+3.10-2.17/bin:/grid/fermiapp/products/larsoft/python/v2_7_14b/Linux64bit+3.10-2.17/bin:/grid/fermiapp/products/larsoft/postgresql/v9_6_6a/Linux64bit+3.10-2.17-p2714b/bin:/grid/fermiapp/products/larsoft/gsl/v2_4/Linux64bit+3.10-2.17-debug/bin:/grid/fermiapp/products/larsoft/fftw/v3_3_6_pl2/Linux64bit+3.10-2.17-debug/bin:/grid/fermiapp/products/larsoft/clhep/v2_3_4_6/Linux64bit+3.10-2.17-e17-debug/bin:/grid/fermiapp/products/larsoft/root/v6_12_06a/Linux64bit+3.10-2.17-e17-debug/bin:/grid/fermiapp/products/larsoft/ups/v6_0_7/Linux64bit+3.10-2.17/bin:/usr/lib64/qt-3.3/bin:/opt/puppetlabs/bin:/nashome/k/kborah/perl5/bin:/usr/local/bin:/usr/bin:/usr/local/sbin:/usr/sbin:/opt/puppetlabs/bin

Saving the configuration of your GENIE installation: 

# 
 # Make.config 
 # This file was automatically generated by the 'configure' script  
 # and is included into the project Makefiles  
 # 
 GENIE_INSTALLATION_PATH=/usr/local/
 GOPT_ENABLE_LHAPDF5=YES
 GOPT_ENABLE_LHAPDF6=NO
 GOPT_ENABLE_T2K=NO
 GOPT_ENABLE_FNAL=NO
 GOPT_ENABLE_ATMO=NO
 GOPT_ENABLE_NUCLEON_DECAY=NO
 GOPT_ENABLE_NNBAR_OSCILLATION=NO
 GOPT_ENABLE_BOOSTED_DARK_MATTER=NO
 GOPT_ENABLE_FLUX_DRIVERS=YES
 GOPT_ENABLE_GEOM_DRIVERS=YES
 GOPT_ENABLE_MASTERCLASS=NO
 GOPT_ENABLE_TEST=NO
 GOPT_ENABLE_PROFILER=NO
 GOPT_ENABLE_DOXYGEN_DOC=NO
 GOPT_ENABLE_DYLIBVERSION=YES
 GOPT_ENABLE_LOW_LEVEL_MESG=NO
 GOPT_WITH_COMPILER=gcc
 GOPT_WITH_CXX_DEBUG_FLAG=
 GOPT_WITH_CXX_OPTIMIZ_FLAG=-O2
 GOPT_WITH_PROFILER_LIB=
 GOPT_WITH_DOXYGEN_PATH=
 GOPT_WITH_PYTHIA6_LIB=/grid/fermiapp/products/larsoft/pythia/v6_4_28k/Linux64bit+3.10-2.17-gcc730-debug/lib
 GOPT_WITH_LHAPDF5_LIB=/grid/fermiapp/products/larsoft/lhapdf/v5_9_1k/Linux64bit+3.10-2.17-e17-debug/lib
 GOPT_WITH_LHAPDF5_INC=/grid/fermiapp/products/larsoft/lhapdf/v5_9_1k/Linux64bit+3.10-2.17-e17-debug/include
 GOPT_WITH_LHAPDF6_LIB=
 GOPT_WITH_LHAPDF6_INC=
 GOPT_WITH_LIBXML2_INC=/grid/fermiapp/products/larsoft/libxml2/v2_9_5/Linux64bit+3.10-2.17-debug/include/libxml2
 GOPT_WITH_LIBXML2_LIB=/grid/fermiapp/products/larsoft/libxml2/v2_9_5/Linux64bit+3.10-2.17-debug/lib
 GOPT_WITH_LOG4CPP_INC=/grid/fermiapp/products/larsoft/log4cpp/v1_1_3a/Linux64bit+3.10-2.17-e17-debug/include
 GOPT_WITH_LOG4CPP_LIB=/grid/fermiapp/products/larsoft/log4cpp/v1_1_3a/Linux64bit+3.10-2.17-e17-debug/lib
 

Saving the configuration of your ROOT installation: 

 

Saving info on your OS, activity, disk usage & quota limit: 

Linux geniegpvm01.fnal.gov 3.10.0-1160.81.1.el7.x86_64 #1 SMP Tue Dec 13 09:53:21 CST 2022 x86_64 x86_64 x86_64 GNU/Linux

Filesystem                               1K-blocks            Used       Available Use% Mounted on
devtmpfs                                   6053744               0         6053744   0% /dev
tmpfs                                      6067672               0         6067672   0% /dev/shm
tmpfs                                      6067672             852         6066820   1% /run
tmpfs                                      6067672               0         6067672   0% /sys/fs/cgroup
/dev/mapper/rootvg-system_root            20511356         7442432        12020348  39% /
/dev/vda1                                   499656          221292          252152  47% /boot
/dev/mapper/rootvg-system_scratch         22055452           45124        20883316   1% /scratch
/dev/mapper/rootvg-system_opt              6061632          162316         5584744   3% /opt
/dev/mapper/rootvg-system_var             10190136         3268152         6397696  34% /var
/dev/mapper/rootvg-system_tmp             10190136           23228         9642620   1% /tmp
/dev/mapper/rootvg-system_cvmfs           10190136         4708768         4957080  49% /var/cache/cvmfs2
if-nas-0.fnal.gov:/genie                 734003200       706464832        27538368  97% /genie/app
filesrv01.fnal.gov:/web                 2362232000      2073945280       288286720  88% /web
filesrv01.fnal.gov:/publicweb            314572800       233231360        81341440  75% /publicweb
blue2:/fermigrid-fermiapp               7516192768      4256595776      3259596992  57% /grid/fermiapp
homesrv01.fnal.gov:/home                4294967296      3374640384       920326912  79% /nashome
pnfs-stken:/pnfs/fs/usr/genie     1125899906842624 203500122127744 922399784714880  19% /pnfs/genie
cvmfs2                                     4194304         4008952          185352  96% /cvmfs/config-osg.opensciencegrid.org
tmpfs                                      1213536               0         1213536   0% /run/user/49659
cvmfs2                                     4194304         4008952          185352  96% /cvmfs/fermilab.opensciencegrid.org
tmpfs                                      1213536              36         1213500   1% /run/user/58902

Disk quotas for user kborah (uid 58902): 
     Filesystem  blocks   quota   limit   grace   files   quota   limit   grace
if-nas-0.fnal.gov:/genie
                706464832       0 734003200         3397511       0       0        
blue2:/fermigrid-fermiapp
                4256595808       0 7516192768         37620921       0       0        
